
Starting report R_Mini_DHR [Tue Mar 05 11:11:25 2013] ...
End report R_Mini_DHR [Tue Mar 05 11:12:28 2013].

Starting report R_11333_rekap1_dat [Tue Mar 05 11:14:18 2013] ...
End report R_11333_rekap1_dat [Tue Mar 05 11:14:25 2013].

Starting report R_11341_sismiop [Tue Mar 05 11:16:21 2013] ...
End report R_11341_sismiop [Tue Mar 05 11:18:41 2013].

Starting report R_11345 [Tue Mar 05 11:18:47 2013] ...
End report R_11345 [Tue Mar 05 11:18:54 2013].

Starting report R_11342_NEW [Tue Mar 05 11:19:07 2013] ...
REP-1401: 'cf_nip_kakanwilformula': Fatal PL/SQL error occurred.
ORA-00604: error occurred at recursive SQL level 1
ORA-01000: maximum open cursors exceeded
ORA-00604: error occurred at recursive SQL level 1
ORA-01000: maximum open cursors exceeded
ORA-01003: no statement parsed

REP-0594: No report output generated.
End report R_11342_NEW [Tue Mar 05 11:19:25 2013].

Starting report R_11341_sismiop [Tue Mar 05 11:19:27 2013] ...
End report R_11341_sismiop [Tue Mar 05 11:19:29 2013].

Starting report r_tunggakan [Tue Mar 05 15:52:36 2013] ...
End report r_tunggakan [Tue Mar 05 15:53:04 2013].

Starting report r_tunggakan [Tue Mar 05 15:53:10 2013] ...
End report r_tunggakan [Tue Mar 05 15:53:36 2013].

Starting report R_24SPPT_BARU [Tue Mar 05 16:28:56 2013] ...
End report R_24SPPT_BARU [Tue Mar 05 16:31:39 2013].

Starting report R_24SPPT_BARU [Tue Mar 05 16:31:56 2013] ...
End report R_24SPPT_BARU [Tue Mar 05 16:32:01 2013].

Starting report R_24SPPT_BARU [Tue Mar 05 16:32:35 2013] ...
End report R_24SPPT_BARU [Tue Mar 05 16:44:49 2013].

Starting report Mingguan [Tue Mar 05 16:48:34 2013] ...
End report Mingguan [Tue Mar 05 16:48:45 2013].

Starting report Mingguan [Tue Mar 05 16:48:52 2013] ...
End report Mingguan [Tue Mar 05 16:49:03 2013].

Starting report R_ketbayar [Tue Mar 05 16:51:37 2013] ...
End report R_ketbayar [Tue Mar 05 16:51:57 2013].

Starting report R_25SPPT_BARU [Tue Mar 05 16:52:49 2013] ...
End report R_25SPPT_BARU [Tue Mar 05 16:52:57 2013].

Starting report R_25DHKP [Tue Mar 05 16:53:24 2013] ...
End report R_25DHKP [Tue Mar 05 16:53:49 2013].

Starting report R_25DHKP [Tue Mar 05 16:54:07 2013] ...
End report R_25DHKP [Tue Mar 05 16:54:29 2013].

Starting report R_25DHKP [Tue Mar 05 16:54:45 2013] ...
End report R_25DHKP [Tue Mar 05 16:55:02 2013].

Starting report R_REKAP_BANDING [Tue Mar 05 17:01:45 2013] ...
End report R_REKAP_BANDING [Tue Mar 05 17:02:13 2013].

Starting report r_rekap_opsppt_sim [Tue Mar 05 17:02:20 2013] ...
End report r_rekap_opsppt_sim [Tue Mar 05 17:02:29 2013].

Starting report r_rekap_opsppt_sim [Tue Mar 05 20:53:44 2013] ...
End report r_rekap_opsppt_sim [Tue Mar 05 20:58:58 2013].

Starting report R_REKAP_BANDING [Tue Mar 05 20:59:04 2013] ...
End report R_REKAP_BANDING [Tue Mar 05 20:59:15 2013].

Starting report r_rekap_ketetapan_sim [Tue Mar 05 21:10:06 2013] ...
End report r_rekap_ketetapan_sim [Tue Mar 05 21:10:15 2013].

Starting report R_REKAP_BANDING [Tue Mar 05 21:16:26 2013] ...
End report R_REKAP_BANDING [Tue Mar 05 21:16:29 2013].

Starting report r_rekap_opsppt_sim [Tue Mar 05 21:16:31 2013] ...
End report r_rekap_opsppt_sim [Tue Mar 05 21:16:35 2013].

Starting report R_621 [Wed Mar 06 08:49:28 2013] ...
End report R_621 [Wed Mar 06 08:50:58 2013].

Starting report R_24SPPT_baru_tunggal [Wed Mar 06 09:04:39 2013] ...
End report R_24SPPT_baru_tunggal [Wed Mar 06 09:06:37 2013].

Starting report R_621 [Wed Mar 06 09:27:31 2013] ...
End report R_621 [Wed Mar 06 09:27:43 2013].

Starting report R_621 [Wed Mar 06 09:29:42 2013] ...
End report R_621 [Wed Mar 06 09:29:46 2013].

Starting report R_24SPPT_baru_tunggal [Wed Mar 06 09:38:57 2013] ...
End report R_24SPPT_baru_tunggal [Wed Mar 06 09:39:19 2013].

Starting report R_24SPPT_baru_tunggal2 [Wed Mar 06 09:39:48 2013] ...
End report R_24SPPT_baru_tunggal2 [Wed Mar 06 09:41:01 2013].

Starting report R_25SPPT_BARU [Wed Mar 06 09:58:16 2013] ...
End report R_25SPPT_BARU [Wed Mar 06 09:59:00 2013].

Starting report R_621 [Wed Mar 06 10:35:04 2013] ...
End report R_621 [Wed Mar 06 10:35:10 2013].

Starting report R_621 [Wed Mar 06 11:06:30 2013] ...
End report R_621 [Wed Mar 06 11:06:47 2013].

Starting report R_2822 [Wed Mar 06 11:09:25 2013] ...
End report R_2822 [Wed Mar 06 11:11:12 2013].

Starting report R_2823 [Wed Mar 06 11:11:35 2013] ...
End report R_2823 [Wed Mar 06 11:12:07 2013].

Starting report r_tunggakan [Wed Mar 06 11:13:49 2013] ...
End report r_tunggakan [Wed Mar 06 11:13:59 2013].

Starting report r_tunggakan [Wed Mar 06 11:14:06 2013] ...
End report r_tunggakan [Wed Mar 06 11:14:25 2013].

Starting report R_621 [Wed Mar 06 11:18:18 2013] ...
End report R_621 [Wed Mar 06 11:18:27 2013].

Starting report R_621 [Wed Mar 06 11:25:48 2013] ...
End report R_621 [Wed Mar 06 11:25:54 2013].

Starting report R_523 [Wed Mar 06 11:32:10 2013] ...
End report R_523 [Wed Mar 06 11:32:25 2013].

Starting report R_REKAP_BANDING [Wed Mar 06 11:37:43 2013] ...
End report R_REKAP_BANDING [Wed Mar 06 11:37:47 2013].

Starting report r_lihat_rekam_stts [Wed Mar 06 11:39:30 2013] ...
REP-1437: Run time error in the PL/SQL development environment (DE).
PDE-PSD001 Could not resolve reference to <Unknown Program Unit> while loading <Unknown> <Unknown>.
End report r_lihat_rekam_stts [Wed Mar 06 11:39:32 2013].

Starting report R_REKAP_OPSPPT_DESA [Wed Mar 06 11:39:57 2013] ...
End report R_REKAP_OPSPPT_DESA [Wed Mar 06 11:40:02 2013].

Starting report R_621 [Wed Mar 06 11:46:49 2013] ...
End report R_621 [Wed Mar 06 11:46:51 2013].

Starting report R_621 [Mon Mar 18 14:24:13 2013] ...
End report R_621 [Mon Mar 18 14:24:25 2013].

Starting report R_621 [Mon Mar 18 16:09:18 2013] ...
End report R_621 [Mon Mar 18 16:09:20 2013].

Starting report R_621 [Tue Mar 19 15:18:33 2013] ...
End report R_621 [Tue Mar 19 15:22:31 2013].

Starting report R_1252 [Thu Mar 21 15:13:29 2013] ...
End report R_1252 [Thu Mar 21 15:14:10 2013].

Starting report R_REKAP_BANDING [Thu Mar 21 15:15:21 2013] ...
End report R_REKAP_BANDING [Thu Mar 21 15:15:41 2013].

Starting report r_rekap_ketetapan_sim [Thu Mar 21 15:15:48 2013] ...
End report r_rekap_ketetapan_sim [Thu Mar 21 15:15:52 2013].

Starting report r_rekap_opsppt_sim [Thu Mar 21 15:15:54 2013] ...
End report r_rekap_opsppt_sim [Thu Mar 21 15:16:00 2013].

Starting report R_24SPPT_BARU [Thu Mar 21 15:18:44 2013] ...
End report R_24SPPT_BARU [Thu Mar 21 15:18:49 2013].

Starting report R_24SPPT_BARU [Thu Mar 21 15:18:54 2013] ...
End report R_24SPPT_BARU [Thu Mar 21 15:18:56 2013].

Starting report R_24SPPT_BARU [Thu Mar 21 15:23:47 2013] ...
End report R_24SPPT_BARU [Thu Mar 21 15:23:49 2013].

Starting report R_25SPPT_BARU [Thu Mar 21 15:25:09 2013] ...
End report R_25SPPT_BARU [Thu Mar 21 15:25:15 2013].

Starting report R_24SPPT_BARU [Thu Mar 21 15:27:03 2013] ...
End report R_24SPPT_BARU [Thu Mar 21 15:27:07 2013].

Starting report R_24SPPT_BARU [Thu Mar 21 15:27:10 2013] ...
End report R_24SPPT_BARU [Thu Mar 21 15:27:12 2013].

Starting report R_24SPPT_BARU [Thu Mar 21 15:29:06 2013] ...
End report R_24SPPT_BARU [Thu Mar 21 15:29:08 2013].

Starting report R_24SPPT_BARU [Thu Mar 21 15:29:08 2013] ...
End report R_24SPPT_BARU [Thu Mar 21 15:29:10 2013].

Starting report R_24SPPT_BARU [Thu Mar 21 15:29:10 2013] ...
End report R_24SPPT_BARU [Thu Mar 21 15:29:12 2013].

Starting report R_24SPPT_BARU [Thu Mar 21 15:46:10 2013] ...
REP-1401: 'cf_4formula': Fatal PL/SQL error occurred.
ORA-06502: PL/SQL: numeric or value error: number precision too large
ORA-06512: at "PBB.GETTARIF", line 9
ORA-01422: exact fetch returns more than requested number of rows

REP-0594: No report output generated.
End report R_24SPPT_BARU [Thu Mar 21 15:47:33 2013].
